<?xml version="1.0" encoding="UTF-8"?>
<testsuite name="com.imane.test.CalculatriceApplicationTests" tests="1" skipped="0" failures="0" errors="0" timestamp="2024-11-04T02:23:37" hostname="abdelbasset-virtual-machine" time="0.016">
  <properties/>
  <testcase name="testSum()" classname="com.imane.test.CalculatriceApplicationTests" time="0.016"/>
  <system-out><![CDATA[]]></system-out>
  <system-err><![CDATA[]]></system-err>
</testsuite>
